Electrostatic potential parameters

Grid information (see 1_default_grid.dat in Angstrom)
    Number of grid points:            907

Quantum electrostatic potential (see 1_default_grid_esp.dat)

Constraints
    Charge constraints
        Total charge of  -0.45263257 on the set   2
        Total charge of   0.79086973 on the set   4
        Total charge of  -0.78451277 on the set   5
        Total charge of  -0.61041795 on the set   6
        Total charge of   0.74978227 on the set   7
        Total charge of  -0.82847039 on the set   8
        Total charge of  -0.91455436 on the set   9
        Total charge of   0.34246512 on the set  16
        Total charge of   0.33154746 on the set  17
        Total charge of   0.35146957 on the set  18
        Total charge of   0.38259346 on the set  19
        Total charge of   0.37181205 on the set  20
    Equality constraints
        Equal charges on atoms
                                 10  11  12
                                 13  14  15

Restraint
    Hyperbolic restraint to a charge of zero
    Hydrogen atoms are not restrained
    resp_a:                           0.0010
    resp_b:                           0.1000

Fit

Electrostatic Potential Charges
   Center  Symbol       ESP      RESP
      1    C      -0.08934022 -0.09715251
      2    N      -0.45263257 -0.45263257
      3    C      -0.22940637 -0.18705466
      4    C       0.79086973  0.79086973
      5    N      -0.78451277 -0.78451277
      6    N      -0.61041795 -0.61041795
      7    C       0.74978227  0.74978227
      8    N      -0.82847039 -0.82847039
      9    N      -0.91455436 -0.91455436
     10    H       0.08046297  0.08139680
     11    H       0.08046297  0.08139680
     12    H       0.08046297  0.08139680
     13    H       0.11580201  0.10335504
     14    H       0.11580201  0.10335504
     15    H       0.11580201  0.10335504
     16    H       0.34246512  0.34246512
     17    H       0.33154746  0.33154746
     18    H       0.35146957  0.35146957
     19    H       0.38259346  0.38259346
     20    H       0.37181205  0.37181205
Total Charge:      0.00000000  0.00000000
